
> oracles@1.0.0 escrow /c/Users/Vandern Rodrigues/Projects/fyp/oracles
> babel-node ./src/escrowOracle.js

The escrow oracle is now listening for events...
Escrow Oracle started...
Found event:-
 title_transfer_requested
{ address: '0xF24029A0a501aa2694ee3b32b60a68069675E6fC',
  blockNumber: 7453,
  transactionHash:
   '0xce82da475b0ba8cf644587da3a2d201aa6b34297cc13dc1a2a69d6b9eb05ed7a',
  transactionIndex: 0,
  blockHash:
   '0xfe55c674db40a77ccb711bff31ec02984979d21da52469d440157073f79d01a6',
  logIndex: 0,
  removed: false,
  id:
   'log_0xed359ab688294e3b00bb60af53ace218ce772b2c851dab458c19c80ef4b3889a',
  returnValues: {},
  event: 'title_transfer_requested',
  signature:
   '0xa65551aa3a105e8f97709f58b42ccca7365b7f76b8ae65c2257b92c3b088a7a5',
  raw:
   { data: null,
     topics:
      [ '0xa65551aa3a105e8f97709f58b42ccca7365b7f76b8ae65c2257b92c3b088a7a5' ] } }
{ stages:
   { '1':
      { name: 'Holding Deposit',
        status: 'Completed',
        holding_deposit_address: '0xe94F827B15bf4010b22dCe82439758Efebccb1af',
        deposit_amount: 2500,
        deposit_status: 'Paid',
        deadline: 2019-09-09T00:00:00.000Z },
     '2':
      { name: 'Background Screening',
        status: 'Completed',
        verification_status: 'Verified',
        buyer_screening_uid:
         '0xec0a815f2cdab7f7b6b2a5dbdcf7707e5edda70e71702a6b624302f5db7d6578' },
     '3':
      { sc_hashes: [Object],
        name: 'Sales Contract',
        status: 'Completed',
        contract_status: 'Signed',
        sale_contract_id: '5cddb1fe8d2edd3c96c06ff3',
        signed_sale_contract_id: '5cddb20b8d2edd3c96c06ff7',
        sc_hash_status: false,
        agreed_sale_price: 56000 },
     '4':
      { mini_stages: [Object],
        name: 'Escrow',
        status: 'In Progress',
        escrow_contract_address: '',
        active_mini_stage: 1 } },
  progress: 3,
  _id: 5cddb1b38d2edd3c96c06ff2,
  property_id: '5cddaeef8d2edd3c96c06fde',
  buyer_id: '5cddaf3c8d2edd3c96c06fe0',
  seller_id: '5cdd895876dbda2c58cd2aed',
  buyer_address: '0x4c3830d2a055ea4aa86d66f59ece6ec1a28f7453',
  seller_address: '0x28ecf3c553961b48eb883ee3eb720f4a3114a508',
  created_at: 2019-05-16T18:53:39.235Z,
  __v: 0 }
Collecting necessary information for title transfer...
Generating new property uid...
Transferring title...
Successfully transfered title: 
[object Object]
Created title deed draft
Successfully updated Session #: 5cddb1b38d2edd3c96c06ff2
{ status: 200,
  statusText: 'OK',
  headers:
   { 'x-powered-by': 'Express',
     'access-control-allow-origin': '*',
     'content-type': 'application/json; charset=utf-8',
     'content-length': '22',
     etag: 'W/"16-uLmXED9y+nvsaXhkkRngekVCElY"',
     date: 'Thu, 16 May 2019 21:29:59 GMT',
     connection: 'close' },
  config:
   { adapter: [Function: httpAdapter],
     transformRequest: { '0': [Function: transformRequest] },
     transformResponse: { '0': [Function: transformResponse] },
     timeout: 0,
     xsrfCookieName: 'XSRF-TOKEN',
     xsrfHeaderName: 'X-XSRF-TOKEN',
     maxContentLength: -1,
     validateStatus: [Function: validateStatus],
     headers:
      { Accept: 'application/json, text/plain, */*',
        'Content-Type': 'application/x-www-form-urlencoded',
        Authorization: 'a1b2c3d4e5f6g7',
        'User-Agent': 'axios/0.18.0' },
     method: 'post',
     url:
      'http://localhost:3000/api/sessions/5cddb1b38d2edd3c96c06ff2/upload-tdd',
     data:
      FormData {
        _overheadLength: 143,
        _valueLength: 16,
        _valuesToMeasure: [],
        writable: false,
        readable: true,
        dataSize: 0,
        maxDataSize: 2097152,
        pauseStreams: true,
        _released: true,
        _streams: [],
        _currentStream: null,
        _boundary: '--------------------------501510864939857110861370',
        _events: [Object: null prototype] {},
        _eventsCount: 0 } },
  request:
   ClientRequest {
     _events:
      [Object: null prototype] {
        socket: [Function],
        abort: [Function],
        aborted: [Function],
        error: [Function],
        timeout: [Function],
        prefinish: [Function: requestOnPrefinish] },
     _eventsCount: 6,
     _maxListeners: undefined,
     outputData: [],
     outputSize: 0,
     writable: true,
     _last: true,
     chunkedEncoding: true,
     shouldKeepAlive: false,
     useChunkedEncodingByDefault: true,
     sendDate: false,
     _removedConnection: false,
     _removedContLen: false,
     _removedTE: false,
     _contentLength: null,
     _hasBody: true,
     _trailer: '',
     finished: true,
     _headerSent: true,
     socket:
      Socket {
        connecting: false,
        _hadError: false,
        _parent: null,
        _host: 'localhost',
        _readableState: [ReadableState],
        readable: true,
        _events: [Object],
        _eventsCount: 7,
        _maxListeners: undefined,
        _writableState: [WritableState],
        writable: false,
        allowHalfOpen: false,
        _sockname: null,
        _pendingData: null,
        _pendingEncoding: '',
        server: null,
        _server: null,
        parser: null,
        _httpMessage: [Circular],
        [Symbol(asyncId)]: 464,
        [Symbol(kHandle)]: [TCP],
        [Symbol(lastWriteQueueSize)]: 0,
        [Symbol(timeout)]: null,
        [Symbol(kBytesRead)]: 0,
        [Symbol(kBytesWritten)]: 0 },
     connection:
      Socket {
        connecting: false,
        _hadError: false,
        _parent: null,
        _host: 'localhost',
        _readableState: [ReadableState],
        readable: true,
        _events: [Object],
        _eventsCount: 7,
        _maxListeners: undefined,
        _writableState: [WritableState],
        writable: false,
        allowHalfOpen: false,
        _sockname: null,
        _pendingData: null,
        _pendingEncoding: '',
        server: null,
        _server: null,
        parser: null,
        _httpMessage: [Circular],
        [Symbol(asyncId)]: 464,
        [Symbol(kHandle)]: [TCP],
        [Symbol(lastWriteQueueSize)]: 0,
        [Symbol(timeout)]: null,
        [Symbol(kBytesRead)]: 0,
        [Symbol(kBytesWritten)]: 0 },
     _header:
      'POST /api/sessions/5cddb1b38d2edd3c96c06ff2/upload-tdd HTTP/1.1\r\nAccept: application/json, text/plain, */*\r\nContent-Type: application/x-www-form-urlencoded\r\nAuthorization: a1b2c3d4e5f6g7\r\nUser-Agent: axios/0.18.0\r\nHost: localhost:3000\r\nConnection: close\r\nTransfer-Encoding: chunked\r\n\r\n',
     _onPendingData: [Function: noopPendingOutput],
     agent:
      Agent {
        _events: [Object],
        _eventsCount: 1,
        _maxListeners: undefined,
        defaultPort: 80,
        protocol: 'http:',
        options: [Object],
        requests: {},
        sockets: [Object],
        freeSockets: {},
        keepAliveMsecs: 1000,
        keepAlive: false,
        maxSockets: Infinity,
        maxFreeSockets: 256 },
     socketPath: undefined,
     timeout: undefined,
     method: 'POST',
     path: '/api/sessions/5cddb1b38d2edd3c96c06ff2/upload-tdd',
     _ended: true,
     res:
      IncomingMessage {
        _readableState: [ReadableState],
        readable: false,
        _events: [Object],
        _eventsCount: 3,
        _maxListeners: undefined,
        socket: [Socket],
        connection: [Socket],
        httpVersionMajor: 1,
        httpVersionMinor: 1,
        httpVersion: '1.1',
        complete: true,
        headers: [Object],
        rawHeaders: [Array],
        trailers: {},
        rawTrailers: [],
        aborted: false,
        upgrade: false,
        url: '',
        method: null,
        statusCode: 200,
        statusMessage: 'OK',
        client: [Socket],
        _consuming: false,
        _dumped: false,
        req: [Circular],
        responseUrl:
         'http://localhost:3000/api/sessions/5cddb1b38d2edd3c96c06ff2/upload-tdd',
        redirects: [] },
     aborted: false,
     timeoutCb: null,
     upgradeOrConnect: false,
     parser: null,
     maxHeadersCount: null,
     _redirectable:
      Writable {
        _writableState: [WritableState],
        writable: true,
        _events: [Object],
        _eventsCount: 2,
        _maxListeners: undefined,
        _options: [Object],
        _ended: true,
        _ending: true,
        _redirectCount: 0,
        _redirects: [],
        _requestBodyLength: 215,
        _requestBodyBuffers: [],
        _onNativeResponse: [Function],
        _currentRequest: [Circular],
        _currentUrl:
         'http://localhost:3000/api/sessions/5cddb1b38d2edd3c96c06ff2/upload-tdd' },
     [Symbol(isCorked)]: false,
     [Symbol(outHeadersKey)]:
      [Object: null prototype] {
        accept: [Array],
        'content-type': [Array],
        authorization: [Array],
        'user-agent': [Array],
        host: [Array] } },
  data: { message: 'uploaded' } }
{ blockHash:
   '0x7c4edaae77b6ad906bb627077419d00a48ef3b2490f343295d50665fd411c5ce',
  blockNumber: 7455,
  contractAddress: null,
  cumulativeGasUsed: 44291,
  from: '0x8a23c7C42333ed6be5a68c24031cd7A737fbcBE8',
  gasUsed: 44291,
  logs: [],
  logsBloom:
   '0x00000000000000000000000000000000000000000000000000000000000000000000000000000000000000000000000000000000000000000000000000000000000000000000000000000000000000000000000000000000000000000000000000000000000000000000000000000000000000000000000000000000000000000000000000000000000000000000000000000000000000000000000000000000000000000000000000000000000000000000000000000000000000000000000000000000000000000000000000000000000000000000000000000000000000000000000000000000000000000000000000000000000000000000000000000000',
  status: true,
  to: '0xF24029A0a501aa2694ee3b32b60a68069675E6fC',
  transactionHash:
   '0x2accfd4029626336c4a5eb7e3b9a959ac1d75dc49b0c76e0b8390506346efa28',
  transactionIndex: 0,
  nonce: undefined,
  gas: undefined }
{ blockHash:
   '0x7c4edaae77b6ad906bb627077419d00a48ef3b2490f343295d50665fd411c5ce',
  blockNumber: 7455,
  contractAddress: null,
  cumulativeGasUsed: 44291,
  from: '0x8a23c7C42333ed6be5a68c24031cd7A737fbcBE8',
  gasUsed: 44291,
  logs: [],
  logsBloom:
   '0x00000000000000000000000000000000000000000000000000000000000000000000000000000000000000000000000000000000000000000000000000000000000000000000000000000000000000000000000000000000000000000000000000000000000000000000000000000000000000000000000000000000000000000000000000000000000000000000000000000000000000000000000000000000000000000000000000000000000000000000000000000000000000000000000000000000000000000000000000000000000000000000000000000000000000000000000000000000000000000000000000000000000000000000000000000000',
  status: true,
  to: '0xF24029A0a501aa2694ee3b32b60a68069675E6fC',
  transactionHash:
   '0x2accfd4029626336c4a5eb7e3b9a959ac1d75dc49b0c76e0b8390506346efa28',
  transactionIndex: 0,
  nonce: undefined,
  gas: undefined }
{ blockHash:
   '0x7c4edaae77b6ad906bb627077419d00a48ef3b2490f343295d50665fd411c5ce',
  blockNumber: 7455,
  contractAddress: null,
  cumulativeGasUsed: 44291,
  from: '0x8a23c7C42333ed6be5a68c24031cd7A737fbcBE8',
  gasUsed: 44291,
  logs: [],
  logsBloom:
   '0x00000000000000000000000000000000000000000000000000000000000000000000000000000000000000000000000000000000000000000000000000000000000000000000000000000000000000000000000000000000000000000000000000000000000000000000000000000000000000000000000000000000000000000000000000000000000000000000000000000000000000000000000000000000000000000000000000000000000000000000000000000000000000000000000000000000000000000000000000000000000000000000000000000000000000000000000000000000000000000000000000000000000000000000000000000000',
  status: true,
  to: '0xF24029A0a501aa2694ee3b32b60a68069675E6fC',
  transactionHash:
   '0x2accfd4029626336c4a5eb7e3b9a959ac1d75dc49b0c76e0b8390506346efa28',
  transactionIndex: 0,
  nonce: undefined,
  gas: undefined }
{ blockHash:
   '0x7c4edaae77b6ad906bb627077419d00a48ef3b2490f343295d50665fd411c5ce',
  blockNumber: 7455,
  contractAddress: null,
  cumulativeGasUsed: 44291,
  from: '0x8a23c7C42333ed6be5a68c24031cd7A737fbcBE8',
  gasUsed: 44291,
  logs: [],
  logsBloom:
   '0x00000000000000000000000000000000000000000000000000000000000000000000000000000000000000000000000000000000000000000000000000000000000000000000000000000000000000000000000000000000000000000000000000000000000000000000000000000000000000000000000000000000000000000000000000000000000000000000000000000000000000000000000000000000000000000000000000000000000000000000000000000000000000000000000000000000000000000000000000000000000000000000000000000000000000000000000000000000000000000000000000000000000000000000000000000000',
  status: true,
  to: '0xF24029A0a501aa2694ee3b32b60a68069675E6fC',
  transactionHash:
   '0x2accfd4029626336c4a5eb7e3b9a959ac1d75dc49b0c76e0b8390506346efa28',
  transactionIndex: 0,
  nonce: undefined,
  gas: undefined }
{ blockHash:
   '0x7c4edaae77b6ad906bb627077419d00a48ef3b2490f343295d50665fd411c5ce',
  blockNumber: 7455,
  contractAddress: null,
  cumulativeGasUsed: 44291,
  from: '0x8a23c7C42333ed6be5a68c24031cd7A737fbcBE8',
  gasUsed: 44291,
  logs: [],
  logsBloom:
   '0x00000000000000000000000000000000000000000000000000000000000000000000000000000000000000000000000000000000000000000000000000000000000000000000000000000000000000000000000000000000000000000000000000000000000000000000000000000000000000000000000000000000000000000000000000000000000000000000000000000000000000000000000000000000000000000000000000000000000000000000000000000000000000000000000000000000000000000000000000000000000000000000000000000000000000000000000000000000000000000000000000000000000000000000000000000000',
  status: true,
  to: '0xF24029A0a501aa2694ee3b32b60a68069675E6fC',
  transactionHash:
   '0x2accfd4029626336c4a5eb7e3b9a959ac1d75dc49b0c76e0b8390506346efa28',
  transactionIndex: 0,
  nonce: undefined,
  gas: undefined }
{ blockHash:
   '0x7c4edaae77b6ad906bb627077419d00a48ef3b2490f343295d50665fd411c5ce',
  blockNumber: 7455,
  contractAddress: null,
  cumulativeGasUsed: 44291,
  from: '0x8a23c7C42333ed6be5a68c24031cd7A737fbcBE8',
  gasUsed: 44291,
  logs: [],
  logsBloom:
   '0x00000000000000000000000000000000000000000000000000000000000000000000000000000000000000000000000000000000000000000000000000000000000000000000000000000000000000000000000000000000000000000000000000000000000000000000000000000000000000000000000000000000000000000000000000000000000000000000000000000000000000000000000000000000000000000000000000000000000000000000000000000000000000000000000000000000000000000000000000000000000000000000000000000000000000000000000000000000000000000000000000000000000000000000000000000000',
  status: true,
  to: '0xF24029A0a501aa2694ee3b32b60a68069675E6fC',
  transactionHash:
   '0x2accfd4029626336c4a5eb7e3b9a959ac1d75dc49b0c76e0b8390506346efa28',
  transactionIndex: 0,
  nonce: undefined,
  gas: undefined }
{ blockHash:
   '0x7c4edaae77b6ad906bb627077419d00a48ef3b2490f343295d50665fd411c5ce',
  blockNumber: 7455,
  contractAddress: null,
  cumulativeGasUsed: 44291,
  from: '0x8a23c7C42333ed6be5a68c24031cd7A737fbcBE8',
  gasUsed: 44291,
  logs: [],
  logsBloom:
   '0x00000000000000000000000000000000000000000000000000000000000000000000000000000000000000000000000000000000000000000000000000000000000000000000000000000000000000000000000000000000000000000000000000000000000000000000000000000000000000000000000000000000000000000000000000000000000000000000000000000000000000000000000000000000000000000000000000000000000000000000000000000000000000000000000000000000000000000000000000000000000000000000000000000000000000000000000000000000000000000000000000000000000000000000000000000000',
  status: true,
  to: '0xF24029A0a501aa2694ee3b32b60a68069675E6fC',
  transactionHash:
   '0x2accfd4029626336c4a5eb7e3b9a959ac1d75dc49b0c76e0b8390506346efa28',
  transactionIndex: 0,
  nonce: undefined,
  gas: undefined }
{ blockHash:
   '0x7c4edaae77b6ad906bb627077419d00a48ef3b2490f343295d50665fd411c5ce',
  blockNumber: 7455,
  contractAddress: null,
  cumulativeGasUsed: 44291,
  from: '0x8a23c7C42333ed6be5a68c24031cd7A737fbcBE8',
  gasUsed: 44291,
  logs: [],
  logsBloom:
   '0x00000000000000000000000000000000000000000000000000000000000000000000000000000000000000000000000000000000000000000000000000000000000000000000000000000000000000000000000000000000000000000000000000000000000000000000000000000000000000000000000000000000000000000000000000000000000000000000000000000000000000000000000000000000000000000000000000000000000000000000000000000000000000000000000000000000000000000000000000000000000000000000000000000000000000000000000000000000000000000000000000000000000000000000000000000000',
  status: true,
  to: '0xF24029A0a501aa2694ee3b32b60a68069675E6fC',
  transactionHash:
   '0x2accfd4029626336c4a5eb7e3b9a959ac1d75dc49b0c76e0b8390506346efa28',
  transactionIndex: 0,
  nonce: undefined,
  gas: undefined }
{ blockHash:
   '0x7c4edaae77b6ad906bb627077419d00a48ef3b2490f343295d50665fd411c5ce',
  blockNumber: 7455,
  contractAddress: null,
  cumulativeGasUsed: 44291,
  from: '0x8a23c7C42333ed6be5a68c24031cd7A737fbcBE8',
  gasUsed: 44291,
  logs: [],
  logsBloom:
   '0x00000000000000000000000000000000000000000000000000000000000000000000000000000000000000000000000000000000000000000000000000000000000000000000000000000000000000000000000000000000000000000000000000000000000000000000000000000000000000000000000000000000000000000000000000000000000000000000000000000000000000000000000000000000000000000000000000000000000000000000000000000000000000000000000000000000000000000000000000000000000000000000000000000000000000000000000000000000000000000000000000000000000000000000000000000000',
  status: true,
  to: '0xF24029A0a501aa2694ee3b32b60a68069675E6fC',
  transactionHash:
   '0x2accfd4029626336c4a5eb7e3b9a959ac1d75dc49b0c76e0b8390506346efa28',
  transactionIndex: 0,
  nonce: undefined,
  gas: undefined }
{ blockHash:
   '0x7c4edaae77b6ad906bb627077419d00a48ef3b2490f343295d50665fd411c5ce',
  blockNumber: 7455,
  contractAddress: null,
  cumulativeGasUsed: 44291,
  from: '0x8a23c7C42333ed6be5a68c24031cd7A737fbcBE8',
  gasUsed: 44291,
  logs: [],
  logsBloom:
   '0x00000000000000000000000000000000000000000000000000000000000000000000000000000000000000000000000000000000000000000000000000000000000000000000000000000000000000000000000000000000000000000000000000000000000000000000000000000000000000000000000000000000000000000000000000000000000000000000000000000000000000000000000000000000000000000000000000000000000000000000000000000000000000000000000000000000000000000000000000000000000000000000000000000000000000000000000000000000000000000000000000000000000000000000000000000000',
  status: true,
  to: '0xF24029A0a501aa2694ee3b32b60a68069675E6fC',
  transactionHash:
   '0x2accfd4029626336c4a5eb7e3b9a959ac1d75dc49b0c76e0b8390506346efa28',
  transactionIndex: 0,
  nonce: undefined,
  gas: undefined }
{ blockHash:
   '0x7c4edaae77b6ad906bb627077419d00a48ef3b2490f343295d50665fd411c5ce',
  blockNumber: 7455,
  contractAddress: null,
  cumulativeGasUsed: 44291,
  from: '0x8a23c7C42333ed6be5a68c24031cd7A737fbcBE8',
  gasUsed: 44291,
  logs: [],
  logsBloom:
   '0x00000000000000000000000000000000000000000000000000000000000000000000000000000000000000000000000000000000000000000000000000000000000000000000000000000000000000000000000000000000000000000000000000000000000000000000000000000000000000000000000000000000000000000000000000000000000000000000000000000000000000000000000000000000000000000000000000000000000000000000000000000000000000000000000000000000000000000000000000000000000000000000000000000000000000000000000000000000000000000000000000000000000000000000000000000000',
  status: true,
  to: '0xF24029A0a501aa2694ee3b32b60a68069675E6fC',
  transactionHash:
   '0x2accfd4029626336c4a5eb7e3b9a959ac1d75dc49b0c76e0b8390506346efa28',
  transactionIndex: 0,
  nonce: undefined,
  gas: undefined }
{ blockHash:
   '0x7c4edaae77b6ad906bb627077419d00a48ef3b2490f343295d50665fd411c5ce',
  blockNumber: 7455,
  contractAddress: null,
  cumulativeGasUsed: 44291,
  from: '0x8a23c7C42333ed6be5a68c24031cd7A737fbcBE8',
  gasUsed: 44291,
  logs: [],
  logsBloom:
   '0x00000000000000000000000000000000000000000000000000000000000000000000000000000000000000000000000000000000000000000000000000000000000000000000000000000000000000000000000000000000000000000000000000000000000000000000000000000000000000000000000000000000000000000000000000000000000000000000000000000000000000000000000000000000000000000000000000000000000000000000000000000000000000000000000000000000000000000000000000000000000000000000000000000000000000000000000000000000000000000000000000000000000000000000000000000000',
  status: true,
  to: '0xF24029A0a501aa2694ee3b32b60a68069675E6fC',
  transactionHash:
   '0x2accfd4029626336c4a5eb7e3b9a959ac1d75dc49b0c76e0b8390506346efa28',
  transactionIndex: 0,
  nonce: undefined,
  gas: undefined }
{ blockHash:
   '0x7c4edaae77b6ad906bb627077419d00a48ef3b2490f343295d50665fd411c5ce',
  blockNumber: 7455,
  contractAddress: null,
  cumulativeGasUsed: 44291,
  from: '0x8a23c7C42333ed6be5a68c24031cd7A737fbcBE8',
  gasUsed: 44291,
  logs: [],
  logsBloom:
   '0x00000000000000000000000000000000000000000000000000000000000000000000000000000000000000000000000000000000000000000000000000000000000000000000000000000000000000000000000000000000000000000000000000000000000000000000000000000000000000000000000000000000000000000000000000000000000000000000000000000000000000000000000000000000000000000000000000000000000000000000000000000000000000000000000000000000000000000000000000000000000000000000000000000000000000000000000000000000000000000000000000000000000000000000000000000000',
  status: true,
  to: '0xF24029A0a501aa2694ee3b32b60a68069675E6fC',
  transactionHash:
   '0x2accfd4029626336c4a5eb7e3b9a959ac1d75dc49b0c76e0b8390506346efa28',
  transactionIndex: 0,
  nonce: undefined,
  gas: undefined }
{ blockHash:
   '0x7c4edaae77b6ad906bb627077419d00a48ef3b2490f343295d50665fd411c5ce',
  blockNumber: 7455,
  contractAddress: null,
  cumulativeGasUsed: 44291,
  from: '0x8a23c7C42333ed6be5a68c24031cd7A737fbcBE8',
  gasUsed: 44291,
  logs: [],
  logsBloom:
   '0x00000000000000000000000000000000000000000000000000000000000000000000000000000000000000000000000000000000000000000000000000000000000000000000000000000000000000000000000000000000000000000000000000000000000000000000000000000000000000000000000000000000000000000000000000000000000000000000000000000000000000000000000000000000000000000000000000000000000000000000000000000000000000000000000000000000000000000000000000000000000000000000000000000000000000000000000000000000000000000000000000000000000000000000000000000000',
  status: true,
  to: '0xF24029A0a501aa2694ee3b32b60a68069675E6fC',
  transactionHash:
   '0x2accfd4029626336c4a5eb7e3b9a959ac1d75dc49b0c76e0b8390506346efa28',
  transactionIndex: 0,
  nonce: undefined,
  gas: undefined }
{ blockHash:
   '0x7c4edaae77b6ad906bb627077419d00a48ef3b2490f343295d50665fd411c5ce',
  blockNumber: 7455,
  contractAddress: null,
  cumulativeGasUsed: 44291,
  from: '0x8a23c7C42333ed6be5a68c24031cd7A737fbcBE8',
  gasUsed: 44291,
  logs: [],
  logsBloom:
   '0x00000000000000000000000000000000000000000000000000000000000000000000000000000000000000000000000000000000000000000000000000000000000000000000000000000000000000000000000000000000000000000000000000000000000000000000000000000000000000000000000000000000000000000000000000000000000000000000000000000000000000000000000000000000000000000000000000000000000000000000000000000000000000000000000000000000000000000000000000000000000000000000000000000000000000000000000000000000000000000000000000000000000000000000000000000000',
  status: true,
  to: '0xF24029A0a501aa2694ee3b32b60a68069675E6fC',
  transactionHash:
   '0x2accfd4029626336c4a5eb7e3b9a959ac1d75dc49b0c76e0b8390506346efa28',
  transactionIndex: 0,
  nonce: undefined,
  gas: undefined }
{ blockHash:
   '0x7c4edaae77b6ad906bb627077419d00a48ef3b2490f343295d50665fd411c5ce',
  blockNumber: 7455,
  contractAddress: null,
  cumulativeGasUsed: 44291,
  from: '0x8a23c7C42333ed6be5a68c24031cd7A737fbcBE8',
  gasUsed: 44291,
  logs: [],
  logsBloom:
   '0x00000000000000000000000000000000000000000000000000000000000000000000000000000000000000000000000000000000000000000000000000000000000000000000000000000000000000000000000000000000000000000000000000000000000000000000000000000000000000000000000000000000000000000000000000000000000000000000000000000000000000000000000000000000000000000000000000000000000000000000000000000000000000000000000000000000000000000000000000000000000000000000000000000000000000000000000000000000000000000000000000000000000000000000000000000000',
  status: true,
  to: '0xF24029A0a501aa2694ee3b32b60a68069675E6fC',
  transactionHash:
   '0x2accfd4029626336c4a5eb7e3b9a959ac1d75dc49b0c76e0b8390506346efa28',
  transactionIndex: 0,
  nonce: undefined,
  gas: undefined }
{ blockHash:
   '0x7c4edaae77b6ad906bb627077419d00a48ef3b2490f343295d50665fd411c5ce',
  blockNumber: 7455,
  contractAddress: null,
  cumulativeGasUsed: 44291,
  from: '0x8a23c7C42333ed6be5a68c24031cd7A737fbcBE8',
  gasUsed: 44291,
  logs: [],
  logsBloom:
   '0x00000000000000000000000000000000000000000000000000000000000000000000000000000000000000000000000000000000000000000000000000000000000000000000000000000000000000000000000000000000000000000000000000000000000000000000000000000000000000000000000000000000000000000000000000000000000000000000000000000000000000000000000000000000000000000000000000000000000000000000000000000000000000000000000000000000000000000000000000000000000000000000000000000000000000000000000000000000000000000000000000000000000000000000000000000000',
  status: true,
  to: '0xF24029A0a501aa2694ee3b32b60a68069675E6fC',
  transactionHash:
   '0x2accfd4029626336c4a5eb7e3b9a959ac1d75dc49b0c76e0b8390506346efa28',
  transactionIndex: 0,
  nonce: undefined,
  gas: undefined }
{ blockHash:
   '0x7c4edaae77b6ad906bb627077419d00a48ef3b2490f343295d50665fd411c5ce',
  blockNumber: 7455,
  contractAddress: null,
  cumulativeGasUsed: 44291,
  from: '0x8a23c7C42333ed6be5a68c24031cd7A737fbcBE8',
  gasUsed: 44291,
  logs: [],
  logsBloom:
   '0x00000000000000000000000000000000000000000000000000000000000000000000000000000000000000000000000000000000000000000000000000000000000000000000000000000000000000000000000000000000000000000000000000000000000000000000000000000000000000000000000000000000000000000000000000000000000000000000000000000000000000000000000000000000000000000000000000000000000000000000000000000000000000000000000000000000000000000000000000000000000000000000000000000000000000000000000000000000000000000000000000000000000000000000000000000000',
  status: true,
  to: '0xF24029A0a501aa2694ee3b32b60a68069675E6fC',
  transactionHash:
   '0x2accfd4029626336c4a5eb7e3b9a959ac1d75dc49b0c76e0b8390506346efa28',
  transactionIndex: 0,
  nonce: undefined,
  gas: undefined }
{ blockHash:
   '0x7c4edaae77b6ad906bb627077419d00a48ef3b2490f343295d50665fd411c5ce',
  blockNumber: 7455,
  contractAddress: null,
  cumulativeGasUsed: 44291,
  from: '0x8a23c7C42333ed6be5a68c24031cd7A737fbcBE8',
  gasUsed: 44291,
  logs: [],
  logsBloom:
   '0x00000000000000000000000000000000000000000000000000000000000000000000000000000000000000000000000000000000000000000000000000000000000000000000000000000000000000000000000000000000000000000000000000000000000000000000000000000000000000000000000000000000000000000000000000000000000000000000000000000000000000000000000000000000000000000000000000000000000000000000000000000000000000000000000000000000000000000000000000000000000000000000000000000000000000000000000000000000000000000000000000000000000000000000000000000000',
  status: true,
  to: '0xF24029A0a501aa2694ee3b32b60a68069675E6fC',
  transactionHash:
   '0x2accfd4029626336c4a5eb7e3b9a959ac1d75dc49b0c76e0b8390506346efa28',
  transactionIndex: 0,
  nonce: undefined,
  gas: undefined }
{ blockHash:
   '0x7c4edaae77b6ad906bb627077419d00a48ef3b2490f343295d50665fd411c5ce',
  blockNumber: 7455,
  contractAddress: null,
  cumulativeGasUsed: 44291,
  from: '0x8a23c7C42333ed6be5a68c24031cd7A737fbcBE8',
  gasUsed: 44291,
  logs: [],
  logsBloom:
   '0x00000000000000000000000000000000000000000000000000000000000000000000000000000000000000000000000000000000000000000000000000000000000000000000000000000000000000000000000000000000000000000000000000000000000000000000000000000000000000000000000000000000000000000000000000000000000000000000000000000000000000000000000000000000000000000000000000000000000000000000000000000000000000000000000000000000000000000000000000000000000000000000000000000000000000000000000000000000000000000000000000000000000000000000000000000000',
  status: true,
  to: '0xF24029A0a501aa2694ee3b32b60a68069675E6fC',
  transactionHash:
   '0x2accfd4029626336c4a5eb7e3b9a959ac1d75dc49b0c76e0b8390506346efa28',
  transactionIndex: 0,
  nonce: undefined,
  gas: undefined }
{ blockHash:
   '0x7c4edaae77b6ad906bb627077419d00a48ef3b2490f343295d50665fd411c5ce',
  blockNumber: 7455,
  contractAddress: null,
  cumulativeGasUsed: 44291,
  from: '0x8a23c7C42333ed6be5a68c24031cd7A737fbcBE8',
  gasUsed: 44291,
  logs: [],
  logsBloom:
   '0x00000000000000000000000000000000000000000000000000000000000000000000000000000000000000000000000000000000000000000000000000000000000000000000000000000000000000000000000000000000000000000000000000000000000000000000000000000000000000000000000000000000000000000000000000000000000000000000000000000000000000000000000000000000000000000000000000000000000000000000000000000000000000000000000000000000000000000000000000000000000000000000000000000000000000000000000000000000000000000000000000000000000000000000000000000000',
  status: true,
  to: '0xF24029A0a501aa2694ee3b32b60a68069675E6fC',
  transactionHash:
   '0x2accfd4029626336c4a5eb7e3b9a959ac1d75dc49b0c76e0b8390506346efa28',
  transactionIndex: 0,
  nonce: undefined,
  gas: undefined }
{ blockHash:
   '0x7c4edaae77b6ad906bb627077419d00a48ef3b2490f343295d50665fd411c5ce',
  blockNumber: 7455,
  contractAddress: null,
  cumulativeGasUsed: 44291,
  from: '0x8a23c7C42333ed6be5a68c24031cd7A737fbcBE8',
  gasUsed: 44291,
  logs: [],
  logsBloom:
   '0x00000000000000000000000000000000000000000000000000000000000000000000000000000000000000000000000000000000000000000000000000000000000000000000000000000000000000000000000000000000000000000000000000000000000000000000000000000000000000000000000000000000000000000000000000000000000000000000000000000000000000000000000000000000000000000000000000000000000000000000000000000000000000000000000000000000000000000000000000000000000000000000000000000000000000000000000000000000000000000000000000000000000000000000000000000000',
  status: true,
  to: '0xF24029A0a501aa2694ee3b32b60a68069675E6fC',
  transactionHash:
   '0x2accfd4029626336c4a5eb7e3b9a959ac1d75dc49b0c76e0b8390506346efa28',
  transactionIndex: 0,
  nonce: undefined,
  gas: undefined }
{ blockHash:
   '0x7c4edaae77b6ad906bb627077419d00a48ef3b2490f343295d50665fd411c5ce',
  blockNumber: 7455,
  contractAddress: null,
  cumulativeGasUsed: 44291,
  from: '0x8a23c7C42333ed6be5a68c24031cd7A737fbcBE8',
  gasUsed: 44291,
  logs: [],
  logsBloom:
   '0x00000000000000000000000000000000000000000000000000000000000000000000000000000000000000000000000000000000000000000000000000000000000000000000000000000000000000000000000000000000000000000000000000000000000000000000000000000000000000000000000000000000000000000000000000000000000000000000000000000000000000000000000000000000000000000000000000000000000000000000000000000000000000000000000000000000000000000000000000000000000000000000000000000000000000000000000000000000000000000000000000000000000000000000000000000000',
  status: true,
  to: '0xF24029A0a501aa2694ee3b32b60a68069675E6fC',
  transactionHash:
   '0x2accfd4029626336c4a5eb7e3b9a959ac1d75dc49b0c76e0b8390506346efa28',
  transactionIndex: 0,
  nonce: undefined,
  gas: undefined }
{ blockHash:
   '0x7c4edaae77b6ad906bb627077419d00a48ef3b2490f343295d50665fd411c5ce',
  blockNumber: 7455,
  contractAddress: null,
  cumulativeGasUsed: 44291,
  from: '0x8a23c7C42333ed6be5a68c24031cd7A737fbcBE8',
  gasUsed: 44291,
  logs: [],
  logsBloom:
   '0x00000000000000000000000000000000000000000000000000000000000000000000000000000000000000000000000000000000000000000000000000000000000000000000000000000000000000000000000000000000000000000000000000000000000000000000000000000000000000000000000000000000000000000000000000000000000000000000000000000000000000000000000000000000000000000000000000000000000000000000000000000000000000000000000000000000000000000000000000000000000000000000000000000000000000000000000000000000000000000000000000000000000000000000000000000000',
  status: true,
  to: '0xF24029A0a501aa2694ee3b32b60a68069675E6fC',
  transactionHash:
   '0x2accfd4029626336c4a5eb7e3b9a959ac1d75dc49b0c76e0b8390506346efa28',
  transactionIndex: 0,
  nonce: undefined,
  gas: undefined }
