Found event:-
 funds_deposited
{ address: '0xe94F827B15bf4010b22dCe82439758Efebccb1af',
  blockNumber: 4258,
  transactionHash:
   '0xd47f62973661e352747aaa38237b18909d7838cfc53438cfcc602627a49ac04d',
  transactionIndex: 0,
  blockHash:
   '0x51672562450a81b743fe638e1647049f655f69b216edb14d5bc97600513505aa',
  logIndex: 0,
  removed: false,
  id:
   'log_0x1e9a336e0c643b01dff1026852d90db64651f6beaf851648765b117aacd02ab4',
  returnValues:
   { '0': '0x5d722814B213600fC7F520c1DE42dde1fA9E57e1',
     '1': BigNumber { _hex: '0x03782dace9d90000' },
     buyer: '0x5d722814B213600fC7F520c1DE42dde1fA9E57e1',
     value: BigNumber { _hex: '0x03782dace9d90000' } },
  event: 'funds_deposited',
  signature:
   '0xc7c1b3f805ded913973a32415839b51f7472b046809d3a83a85aea15693330d1',
  raw:
   { data:
      '0x0000000000000000000000005d722814b213600fc7f520c1de42dde1fa9e57e100000000000000000000000000000000000000000000000003782dace9d90000',
     topics:
      [ '0xc7c1b3f805ded913973a32415839b51f7472b046809d3a83a85aea15693330d1' ] } }
{ '0': '0x28ECF3c553961B48Eb883Ee3eB720F4a3114A508',
  '1': '0x5d722814B213600fC7F520c1DE42dde1fA9E57e1' }
{ status: 200,
  statusText: 'OK',
  headers:
   { 'x-powered-by': 'Express',
     'access-control-allow-origin': '*',
     'content-type': 'text/html; charset=utf-8',
     'content-length': '56',
     etag: 'W/"38-3SsD+kFJBhSb0yA1yc17kD7gRlM"',
     date: 'Fri, 17 May 2019 11:03:52 GMT',
     connection: 'close' },
  config:
   { adapter: [Function: httpAdapter],
     transformRequest: { '0': [Function: transformRequest] },
     transformResponse: { '0': [Function: transformResponse] },
     timeout: 0,
     xsrfCookieName: 'XSRF-TOKEN',
     xsrfHeaderName: 'X-XSRF-TOKEN',
     maxContentLength: -1,
     validateStatus: [Function: validateStatus],
     headers:
      { Accept: 'application/json, text/plain, */*',
        'Content-Type': 'application/json;charset=utf-8',
        Authorization: 'a1b2c3d4e5f6g7',
        'User-Agent': 'axios/0.18.0',
        'Content-Length': 104 },
     method: 'put',
     url:
      'http://localhost:3000/api/sessions/5cde94cb4e293a1a7217973a/update',
     data:
      '{"updateOptions":{"$set":{"stages.1.deposit_status":"Paid","stages.1.status":"Completed","progress":1}}}' },
  request:
   ClientRequest {
     _events:
      [Object: null prototype] {
        socket: [Function],
        abort: [Function],
        aborted: [Function],
        error: [Function],
        timeout: [Function],
        prefinish: [Function: requestOnPrefinish] },
     _eventsCount: 6,
     _maxListeners: undefined,
     outputData: [],
     outputSize: 0,
     writable: true,
     _last: true,
     chunkedEncoding: false,
     shouldKeepAlive: false,
     useChunkedEncodingByDefault: true,
     sendDate: false,
     _removedConnection: false,
     _removedContLen: false,
     _removedTE: false,
     _contentLength: null,
     _hasBody: true,
     _trailer: '',
     finished: true,
     _headerSent: true,
     socket:
      Socket {
        connecting: false,
        _hadError: false,
        _parent: null,
        _host: 'localhost',
        _readableState: [ReadableState],
        readable: true,
        _events: [Object],
        _eventsCount: 7,
        _maxListeners: undefined,
        _writableState: [WritableState],
        writable: false,
        allowHalfOpen: false,
        _sockname: null,
        _pendingData: null,
        _pendingEncoding: '',
        server: null,
        _server: null,
        parser: null,
        _httpMessage: [Circular],
        [Symbol(asyncId)]: 25470,
        [Symbol(kHandle)]: [TCP],
        [Symbol(lastWriteQueueSize)]: 0,
        [Symbol(timeout)]: null,
        [Symbol(kBytesRead)]: 0,
        [Symbol(kBytesWritten)]: 0 },
     connection:
      Socket {
        connecting: false,
        _hadError: false,
        _parent: null,
        _host: 'localhost',
        _readableState: [ReadableState],
        readable: true,
        _events: [Object],
        _eventsCount: 7,
        _maxListeners: undefined,
        _writableState: [WritableState],
        writable: false,
        allowHalfOpen: false,
        _sockname: null,
        _pendingData: null,
        _pendingEncoding: '',
        server: null,
        _server: null,
        parser: null,
        _httpMessage: [Circular],
        [Symbol(asyncId)]: 25470,
        [Symbol(kHandle)]: [TCP],
        [Symbol(lastWriteQueueSize)]: 0,
        [Symbol(timeout)]: null,
        [Symbol(kBytesRead)]: 0,
        [Symbol(kBytesWritten)]: 0 },
     _header:
      'PUT /api/sessions/5cde94cb4e293a1a7217973a/update HTTP/1.1\r\nAccept: application/json, text/plain, */*\r\nContent-Type: application/json;charset=utf-8\r\nAuthorization: a1b2c3d4e5f6g7\r\nUser-Agent: axios/0.18.0\r\nContent-Length: 104\r\nHost: localhost:3000\r\nConnection: close\r\n\r\n',
     _onPendingData: [Function: noopPendingOutput],
     agent:
      Agent {
        _events: [Object],
        _eventsCount: 1,
        _maxListeners: undefined,
        defaultPort: 80,
        protocol: 'http:',
        options: [Object],
        requests: {},
        sockets: [Object],
        freeSockets: {},
        keepAliveMsecs: 1000,
        keepAlive: false,
        maxSockets: Infinity,
        maxFreeSockets: 256 },
     socketPath: undefined,
     timeout: undefined,
     method: 'PUT',
     path: '/api/sessions/5cde94cb4e293a1a7217973a/update',
     _ended: true,
     res:
      IncomingMessage {
        _readableState: [ReadableState],
        readable: false,
        _events: [Object],
        _eventsCount: 3,
        _maxListeners: undefined,
        socket: [Socket],
        connection: [Socket],
        httpVersionMajor: 1,
        httpVersionMinor: 1,
        httpVersion: '1.1',
        complete: true,
        headers: [Object],
        rawHeaders: [Array],
        trailers: {},
        rawTrailers: [],
        aborted: false,
        upgrade: false,
        url: '',
        method: null,
        statusCode: 200,
        statusMessage: 'OK',
        client: [Socket],
        _consuming: false,
        _dumped: false,
        req: [Circular],
        responseUrl:
         'http://localhost:3000/api/sessions/5cde94cb4e293a1a7217973a/update',
        redirects: [] },
     aborted: false,
     timeoutCb: null,
     upgradeOrConnect: false,
     parser: null,
     maxHeadersCount: null,
     _redirectable:
      Writable {
        _writableState: [WritableState],
        writable: true,
        _events: [Object],
        _eventsCount: 2,
        _maxListeners: undefined,
        _options: [Object],
        _ended: true,
        _ending: true,
        _redirectCount: 0,
        _redirects: [],
        _requestBodyLength: 104,
        _requestBodyBuffers: [],
        _onNativeResponse: [Function],
        _currentRequest: [Circular],
        _currentUrl:
         'http://localhost:3000/api/sessions/5cde94cb4e293a1a7217973a/update' },
     [Symbol(isCorked)]: false,
     [Symbol(outHeadersKey)]:
      [Object: null prototype] {
        accept: [Array],
        'content-type': [Array],
        authorization: [Array],
        'user-agent': [Array],
        'content-length': [Array],
        host: [Array] } },
  data: 'Successfully updated Session #: 5cde94cb4e293a1a7217973a' }
Found event:-
 funds_deposited
{ address: '0xCAd6eA0253C1391256C59cD6970B8f3acF7F8967',
  blockNumber: 4467,
  transactionHash:
   '0xf59108a885772c23d5cdafa51f0f39f5492d147872c52964d823c3eb5d19d686',
  transactionIndex: 0,
  blockHash:
   '0xd3739d589ec05d7f281e4366e90e7c82bc9b9973b98feb8be6f8c08aa616daef',
  logIndex: 0,
  removed: false,
  id:
   'log_0x888a46c62753318a67f01fe3c8763e1af08cc965383f161e261a9bdde4183a54',
  returnValues:
   { '0': '0x5d722814B213600fC7F520c1DE42dde1fA9E57e1',
     '1': BigNumber { _hex: '0x03782dace9d90000' },
     buyer: '0x5d722814B213600fC7F520c1DE42dde1fA9E57e1',
     value: BigNumber { _hex: '0x03782dace9d90000' } },
  event: 'funds_deposited',
  signature:
   '0xc7c1b3f805ded913973a32415839b51f7472b046809d3a83a85aea15693330d1',
  raw:
   { data:
      '0x0000000000000000000000005d722814b213600fc7f520c1de42dde1fa9e57e100000000000000000000000000000000000000000000000003782dace9d90000',
     topics:
      [ '0xc7c1b3f805ded913973a32415839b51f7472b046809d3a83a85aea15693330d1' ] } }
{ '0': '0x28ECF3c553961B48Eb883Ee3eB720F4a3114A508',
  '1': '0x5d722814B213600fC7F520c1DE42dde1fA9E57e1' }
{ status: 200,
  statusText: 'OK',
  headers:
   { 'x-powered-by': 'Express',
     'access-control-allow-origin': '*',
     'content-type': 'text/html; charset=utf-8',
     'content-length': '56',
     etag: 'W/"38-KjLf0D6bA3DO6fRc9AeZLYCtyZ4"',
     date: 'Fri, 17 May 2019 11:14:19 GMT',
     connection: 'close' },
  config:
   { adapter: [Function: httpAdapter],
     transformRequest: { '0': [Function: transformRequest] },
     transformResponse: { '0': [Function: transformResponse] },
     timeout: 0,
     xsrfCookieName: 'XSRF-TOKEN',
     xsrfHeaderName: 'X-XSRF-TOKEN',
     maxContentLength: -1,
     validateStatus: [Function: validateStatus],
     headers:
      { Accept: 'application/json, text/plain, */*',
        'Content-Type': 'application/json;charset=utf-8',
        Authorization: 'a1b2c3d4e5f6g7',
        'User-Agent': 'axios/0.18.0',
        'Content-Length': 104 },
     method: 'put',
     url:
      'http://localhost:3000/api/sessions/5cde97534e293a1a7217975f/update',
     data:
      '{"updateOptions":{"$set":{"stages.1.deposit_status":"Paid","stages.1.status":"Completed","progress":1}}}' },
  request:
   ClientRequest {
     _events:
      [Object: null prototype] {
        socket: [Function],
        abort: [Function],
        aborted: [Function],
        error: [Function],
        timeout: [Function],
        prefinish: [Function: requestOnPrefinish] },
     _eventsCount: 6,
     _maxListeners: undefined,
     outputData: [],
     outputSize: 0,
     writable: true,
     _last: true,
     chunkedEncoding: false,
     shouldKeepAlive: false,
     useChunkedEncodingByDefault: true,
     sendDate: false,
     _removedConnection: false,
     _removedContLen: false,
     _removedTE: false,
     _contentLength: null,
     _hasBody: true,
     _trailer: '',
     finished: true,
     _headerSent: true,
     socket:
      Socket {
        connecting: false,
        _hadError: false,
        _parent: null,
        _host: 'localhost',
        _readableState: [ReadableState],
        readable: true,
        _events: [Object],
        _eventsCount: 7,
        _maxListeners: undefined,
        _writableState: [WritableState],
        writable: false,
        allowHalfOpen: false,
        _sockname: null,
        _pendingData: null,
        _pendingEncoding: '',
        server: null,
        _server: null,
        parser: null,
        _httpMessage: [Circular],
        [Symbol(asyncId)]: 26758,
        [Symbol(kHandle)]: [TCP],
        [Symbol(lastWriteQueueSize)]: 0,
        [Symbol(timeout)]: null,
        [Symbol(kBytesRead)]: 0,
        [Symbol(kBytesWritten)]: 0 },
     connection:
      Socket {
        connecting: false,
        _hadError: false,
        _parent: null,
        _host: 'localhost',
        _readableState: [ReadableState],
        readable: true,
        _events: [Object],
        _eventsCount: 7,
        _maxListeners: undefined,
        _writableState: [WritableState],
        writable: false,
        allowHalfOpen: false,
        _sockname: null,
        _pendingData: null,
        _pendingEncoding: '',
        server: null,
        _server: null,
        parser: null,
        _httpMessage: [Circular],
        [Symbol(asyncId)]: 26758,
        [Symbol(kHandle)]: [TCP],
        [Symbol(lastWriteQueueSize)]: 0,
        [Symbol(timeout)]: null,
        [Symbol(kBytesRead)]: 0,
        [Symbol(kBytesWritten)]: 0 },
     _header:
      'PUT /api/sessions/5cde97534e293a1a7217975f/update HTTP/1.1\r\nAccept: application/json, text/plain, */*\r\nContent-Type: application/json;charset=utf-8\r\nAuthorization: a1b2c3d4e5f6g7\r\nUser-Agent: axios/0.18.0\r\nContent-Length: 104\r\nHost: localhost:3000\r\nConnection: close\r\n\r\n',
     _onPendingData: [Function: noopPendingOutput],
     agent:
      Agent {
        _events: [Object],
        _eventsCount: 1,
        _maxListeners: undefined,
        defaultPort: 80,
        protocol: 'http:',
        options: [Object],
        requests: {},
        sockets: [Object],
        freeSockets: {},
        keepAliveMsecs: 1000,
        keepAlive: false,
        maxSockets: Infinity,
        maxFreeSockets: 256 },
     socketPath: undefined,
     timeout: undefined,
     method: 'PUT',
     path: '/api/sessions/5cde97534e293a1a7217975f/update',
     _ended: true,
     res:
      IncomingMessage {
        _readableState: [ReadableState],
        readable: false,
        _events: [Object],
        _eventsCount: 3,
        _maxListeners: undefined,
        socket: [Socket],
        connection: [Socket],
        httpVersionMajor: 1,
        httpVersionMinor: 1,
        httpVersion: '1.1',
        complete: true,
        headers: [Object],
        rawHeaders: [Array],
        trailers: {},
        rawTrailers: [],
        aborted: false,
        upgrade: false,
        url: '',
        method: null,
        statusCode: 200,
        statusMessage: 'OK',
        client: [Socket],
        _consuming: false,
        _dumped: false,
        req: [Circular],
        responseUrl:
         'http://localhost:3000/api/sessions/5cde97534e293a1a7217975f/update',
        redirects: [] },
     aborted: false,
     timeoutCb: null,
     upgradeOrConnect: false,
     parser: null,
     maxHeadersCount: null,
     _redirectable:
      Writable {
        _writableState: [WritableState],
        writable: true,
        _events: [Object],
        _eventsCount: 2,
        _maxListeners: undefined,
        _options: [Object],
        _ended: true,
        _ending: true,
        _redirectCount: 0,
        _redirects: [],
        _requestBodyLength: 104,
        _requestBodyBuffers: [],
        _onNativeResponse: [Function],
        _currentRequest: [Circular],
        _currentUrl:
         'http://localhost:3000/api/sessions/5cde97534e293a1a7217975f/update' },
     [Symbol(isCorked)]: false,
     [Symbol(outHeadersKey)]:
      [Object: null prototype] {
        accept: [Array],
        'content-type': [Array],
        authorization: [Array],
        'user-agent': [Array],
        'content-length': [Array],
        host: [Array] } },
  data: 'Successfully updated Session #: 5cde97534e293a1a7217975f' }
